\BOOKMARK [1][-]{etoc@tocid.1}{\376\377\004\022\004\022\004\025\004\024\004\025\004\035\004\030\004\025}{}% 1
\BOOKMARK [2][-]{subsection.0.1}{\376\377\004\037\004\100\004\065\004\064\004\077\004\100\004\076\004\065\004\072\004\102\004\075\004\113\004\071\000\040\004\060\004\075\004\060\004\073\004\070\004\067}{etoc@tocid.1}% 2
\BOOKMARK [3][-]{subsubsection.0.1.1}{\376\377\004\020\004\075\004\060\004\073\004\070\004\067\000\040\004\077\004\100\004\065\004\064\004\074\004\065\004\102\004\075\004\076\004\071\000\040\004\076\004\061\004\073\004\060\004\101\004\102\004\070}{subsection.0.1}% 3
\BOOKMARK [3][-]{subsubsection.0.1.2}{\376\377\004\041\004\100\004\060\004\062\004\075\004\070\004\102\004\065\004\073\004\114\004\075\004\113\004\071\000\040\004\060\004\075\004\060\004\073\004\070\004\067}{subsection.0.1}% 4
\BOOKMARK [3][-]{subsubsection.0.1.3}{\376\377\004\041\004\070\004\101\004\102\004\065\004\074\004\075\004\113\004\071\000\040\004\060\004\075\004\060\004\073\004\070\004\067}{subsection.0.1}% 5
\BOOKMARK [3][-]{subsubsection.0.1.4}{\376\377\004\042\004\100\004\065\004\061\004\076\004\062\004\060\004\075\004\070\004\117\000\040\004\072\000\040\004\101\004\065\004\100\004\062\004\070\004\101\004\103}{subsection.0.1}% 6
\BOOKMARK [3][-]{subsubsection.0.1.5}{\376\377\004\040\004\065\004\063\004\073\004\060\004\074\004\065\004\075\004\102\004\070\004\100\004\103\004\116\004\111\004\070\004\065\000\040\004\064\004\076\004\072\004\103\004\074\004\065\004\075\004\102\004\113}{subsection.0.1}% 7
\BOOKMARK [3][-]{subsubsection.0.1.6}{\376\377\004\041\004\100\004\076\004\072\004\070\000\040\004\100\004\065\004\060\004\073\004\070\004\067\004\060\004\106\004\070\004\070\000\040\004\077\004\100\004\076\004\065\004\072\004\102\004\060}{subsection.0.1}% 8
\BOOKMARK [2][-]{subsection.0.2}{\376\377\004\037\004\100\004\076\004\065\004\072\004\102\004\070\004\100\004\076\004\062\004\060\004\075\004\070\004\065\000\040\004\070\004\075\004\104\004\076\004\100\004\074\004\060\004\106\004\070\004\076\004\075\004\075\004\076\004\071\000\040\004\101\004\070\004\101\004\102\004\065\004\074\004\113}{etoc@tocid.1}% 9
\BOOKMARK [3][-]{subsubsection.0.2.1}{\376\377\004\032\004\076\004\075\004\106\004\065\004\077\004\102\004\103\004\060\004\073\004\114\004\075\004\076\004\065\000\040\004\077\004\100\004\076\004\065\004\072\004\102\004\070\004\100\004\076\004\062\004\060\004\075\004\070\004\065}{subsection.0.2}% 10
\BOOKMARK [3][-]{subsubsection.0.2.2}{\376\377\004\024\004\070\004\060\004\063\004\100\004\060\004\074\004\074\004\060\000\040\004\072\004\076\004\074\004\077\004\076\004\075\004\065\004\075\004\102\004\076\004\062}{subsection.0.2}% 11
\BOOKMARK [3][-]{subsubsection.0.2.3}{\376\377\004\024\004\070\004\060\004\063\004\100\004\060\004\074\004\074\004\060\000\040\004\100\004\060\004\067\004\062\004\065\004\100\004\102\004\113\004\062\004\060\004\075\004\070\004\117}{subsection.0.2}% 12
\BOOKMARK [3][-]{subsubsection.0.2.4}{\376\377\004\024\004\070\004\060\004\063\004\100\004\060\004\074\004\074\004\060\000\040\004\077\004\076\004\101\004\073\004\065\004\064\004\076\004\062\004\060\004\102\004\065\004\073\004\114\004\075\004\076\004\101\004\102\004\070}{subsection.0.2}% 13
\BOOKMARK [3][-]{subsubsection.0.2.5}{\376\377\004\041\004\105\004\065\004\074\004\060\000\040\004\061\004\060\004\067\004\113\000\040\004\064\004\060\004\075\004\075\004\113\004\105}{subsection.0.2}% 14
\BOOKMARK [3][-]{subsubsection.0.2.6}{\376\377\004\022\004\065\004\072\004\102\004\076\004\100\004\075\004\060\004\117\000\040\004\061\004\060\004\067\004\060\000\040\004\064\004\060\004\075\004\075\004\113\004\105}{subsection.0.2}% 15
\BOOKMARK [3][-]{subsubsection.0.2.7}{\376\377\004\040\004\060\004\067\004\062\004\065\004\100\004\102\004\113\004\062\004\060\004\075\004\070\004\065\000\040\004\077\004\100\004\070\004\073\004\076\004\066\004\065\004\075\004\070\004\117}{subsection.0.2}% 16
\BOOKMARK [2][-]{subsection.0.3}{\376\377\004\040\004\060\004\067\004\100\004\060\004\061\004\076\004\102\004\072\004\060\000\040\004\101\004\070\004\101\004\102\004\065\004\074\004\113}{etoc@tocid.1}% 17
\BOOKMARK [3][-]{subsubsection.0.3.1}{\376\377\004\022\004\113\004\061\004\076\004\100\000\040\004\101\004\100\004\065\004\064\004\101\004\102\004\062\000\040\004\100\004\060\004\067\004\100\004\060\004\061\004\076\004\102\004\072\004\070}{subsection.0.3}% 18
\BOOKMARK [3][-]{subsubsection.0.3.2}{\376\377\004\041\004\102\004\100\004\103\004\072\004\102\004\103\004\100\004\060\000\040\004\077\004\100\004\070\004\073\004\076\004\066\004\065\004\075\004\070\004\117}{subsection.0.3}% 19
\BOOKMARK [3][-]{subsubsection.0.3.3}{\376\377\004\040\004\060\004\101\004\107\004\065\004\102\000\040\004\075\004\060\004\064\004\065\004\066\004\075\004\076\004\101\004\102\004\070\000\040\004\077\004\100\004\076\004\063\004\100\004\060\004\074\004\074\004\075\004\076\004\063\004\076\000\040\004\070\000\040\004\060\004\077\004\077\004\060\004\100\004\060\004\102\004\075\004\076\004\063\004\076\000\040\004\076\004\061\004\065\004\101\004\077\004\065\004\107\004\065\004\075\004\070\004\117}{subsection.0.3}% 20
\BOOKMARK [3][-]{subsubsection.0.3.4}{\376\377\004\040\004\060\004\101\004\107\004\065\004\102\000\040\004\076\004\066\004\070\004\064\004\060\004\065\004\074\004\076\004\063\004\076\000\040\004\100\004\065\004\067\004\103\004\073\004\114\004\102\004\060\004\102\004\060\000\040\004\115\004\072\004\076\004\075\004\076\004\074\004\070\004\107\004\065\004\101\004\072\004\076\004\071\000\040\004\115\004\104\004\104\004\065\004\072\004\102\004\070\004\062\004\075\004\076\004\101\004\102\004\070}{subsection.0.3}% 21
\BOOKMARK [3][-]{subsubsection.0.3.5}{\376\377\000W\000o\000r\000d\0002\000v\000e\000c}{subsection.0.3}% 22
\BOOKMARK [3][-]{subsubsection.0.3.6}{\376\377\004\037\004\076\004\070\004\101\004\072\000\040\004\077\004\076\004\064\004\105\004\076\004\064\004\117\004\111\004\070\004\105\000\040\004\062\004\065\004\072\004\102\004\076\004\100\004\076\004\062}{subsection.0.3}% 23
\BOOKMARK [3][-]{subsubsection.0.3.7}{\376\377\004\023\004\065\004\075\004\065\004\100\004\060\004\106\004\070\004\117\000\040\004\102\004\065\004\072\004\101\004\102\004\060\000\040\004\077\004\100\004\070\000\040\004\077\004\076\004\074\004\076\004\111\004\070\000\040\004\077\004\076\004\070\004\101\004\072\004\060\000\040\004\070\000\040\004\060\004\103\004\063\004\074\004\065\004\075\004\102\004\060\004\106\004\070\004\071}{subsection.0.3}% 24
\BOOKMARK [3][-]{subsubsection.0.3.8}{\376\377\004\040\004\060\004\101\004\077\004\076\004\067\004\075\004\060\004\062\004\060\004\075\004\070\004\065\000\040\004\063\004\076\004\073\004\076\004\101\004\060}{subsection.0.3}% 25
\BOOKMARK [3][-]{subsubsection.0.3.9}{\376\377\004\040\004\060\004\101\004\077\004\076\004\067\004\075\004\060\004\062\004\060\004\075\004\070\004\065\000\040\004\062\004\070\004\064\004\065\004\076}{subsection.0.3}% 26
\BOOKMARK [3][-]{subsubsection.0.3.10}{\376\377\004\037\004\100\004\076\004\074\004\102\000-\004\070\004\075\004\066\004\065\004\075\004\065\004\100\004\070\004\117}{subsection.0.3}% 27
\BOOKMARK [3][-]{subsubsection.0.3.11}{\376\377\004\033\004\076\004\063\004\070\004\100\004\076\004\062\004\060\004\075\004\070\004\065}{subsection.0.3}% 28
\BOOKMARK [3][-]{subsubsection.0.3.12}{\376\377\004\042\004\065\004\101\004\102\004\070\004\100\004\076\004\062\004\060\004\075\004\070\004\065}{subsection.0.3}% 29
\BOOKMARK [1][-]{table.4}{\376\377\004\027\004\020\004\032\004\033\004\056\004\047\004\025\004\035\004\030\004\025}{}% 30
\BOOKMARK [1][-]{Item.8}{\376\377\004\041\004\037\004\030\004\041\004\036\004\032\000\040\004\030\004\041\004\037\004\036\004\033\004\054\004\027\004\036\004\022\004\020\004\035\004\035\004\053\004\045\000\040\004\030\004\041\004\042\004\036\004\047\004\035\004\030\004\032\004\036\004\022}{}% 31
\BOOKMARK [1][-]{section.1}{\376\377\004\024\004\070\004\060\004\063\004\100\004\060\004\074\004\074\004\060\000\040\004\077\004\076\004\101\004\073\004\065\004\064\004\076\004\062\004\060\004\102\004\065\004\073\004\114\004\075\004\076\004\101\004\102\004\070}{}% 32
\BOOKMARK [1][-]{section.2}{\376\377\004\032\004\076\004\075\004\104\004\070\004\063\004\103\004\100\004\060\004\106\004\070\004\117\000\040\000N\000e\000o\000V\000i\000m}{}% 33
\BOOKMARK [1][-]{section.3}{\376\377\004\024\004\070\004\060\004\063\004\100\004\060\004\074\004\074\004\060\000\040\004\023\004\060\004\075\004\102\004\060}{}% 34
\BOOKMARK [1][-]{section.4}{\376\377\004\032\004\076\004\075\004\104\004\070\004\063\004\103\004\100\004\060\004\106\004\070\004\117\000\040\000L\000a\000T\000e\000X}{}% 35
\BOOKMARK [1][-]{section.5}{\376\377\004\040\004\065\004\060\004\073\004\070\004\067\004\060\004\106\004\070\004\117\000\040\004\076\004\061\004\100\004\060\004\061\004\076\004\102\004\072\004\070\000\040\004\100\004\060\004\067\004\073\004\070\004\107\004\075\004\113\004\105\000\040\004\064\004\060\004\075\004\075\004\113\004\105}{}% 36
